  Main.cpp
C:\Users\reube\Documents\GitHub\Projects\Finished\C++\Life\Life\Main.cpp(106,32): warning C4244: 'argument': conversion from 'int' to 'T', possible loss of data
          with
          [
              T=float
          ]
C:\Users\reube\Documents\GitHub\Projects\Finished\C++\Life\Life\Main.cpp(106,29): warning C4244: 'argument': conversion from 'int' to 'T', possible loss of data
          with
          [
              T=float
          ]
C:\Users\reube\Documents\GitHub\Projects\Finished\C++\Life\Life\Main.cpp(115,32): warning C4244: 'argument': conversion from 'int' to 'T', possible loss of data
          with
          [
              T=float
          ]
C:\Users\reube\Documents\GitHub\Projects\Finished\C++\Life\Life\Main.cpp(115,29): warning C4244: 'argument': conversion from 'int' to 'T', possible loss of data
          with
          [
              T=float
          ]
  Generating code
  6 of 27 functions (22.2%) were compiled, the rest were copied from previous compilation.
    1 functions were new in current compilation
    0 functions had inline decision re-evaluated but remain unchanged
  Finished generating code
  Life.vcxproj -> C:\Users\reube\Documents\GitHub\Projects\Finished\C++\Life\Release\Life.exe
