  Main.cpp
C:\Users\reube\Documents\GitHub\Projects\WIP\C++\Buttons\Buttons\Main.cpp(77,5): error C3861: 'getline': identifier not found
C:\Users\reube\Documents\GitHub\Projects\WIP\C++\Buttons\Buttons\Main.cpp(78,5): error C3861: 'getline': identifier not found
C:\Users\reube\Documents\GitHub\Projects\WIP\C++\Buttons\Buttons\Main.cpp(81,19): warning C4018: '<': signed/unsigned mismatch
C:\Users\reube\Documents\GitHub\Projects\WIP\C++\Buttons\Buttons\Main.cpp(82,23): warning C4018: '<': signed/unsigned mismatch
C:\Users\reube\Documents\GitHub\Projects\WIP\C++\Buttons\Buttons\Main.cpp(105,16): error C3861: 'to_string': identifier not found
C:\Users\reube\Documents\GitHub\Projects\WIP\C++\Buttons\Buttons\Main.cpp(105,44): error C3861: 'to_string': identifier not found
C:\Users\reube\Documents\GitHub\Projects\WIP\C++\Buttons\Buttons\Main.cpp(106,16): error C3861: 'to_string': identifier not found
C:\Users\reube\Documents\GitHub\Projects\WIP\C++\Buttons\Buttons\Main.cpp(107,23): warning C4018: '<': signed/unsigned mismatch
C:\Users\reube\Documents\GitHub\Projects\WIP\C++\Buttons\Buttons\Main.cpp(109,27): warning C4018: '<': signed/unsigned mismatch
C:\Users\reube\Documents\GitHub\Projects\WIP\C++\Buttons\Buttons\Main.cpp(121,23): warning C4018: '<': signed/unsigned mismatch
C:\Users\reube\Documents\GitHub\Projects\WIP\C++\Buttons\Buttons\Main.cpp(123,27): warning C4018: '<': signed/unsigned mismatch
C:\Users\reube\Documents\GitHub\Projects\WIP\C++\Buttons\Buttons\Main.cpp(135,26): warning C4018: '<': signed/unsigned mismatch
C:\Users\reube\Documents\GitHub\Projects\WIP\C++\Buttons\Buttons\Main.cpp(137,30): warning C4018: '<': signed/unsigned mismatch
C:\Users\reube\Documents\GitHub\Projects\WIP\C++\Buttons\Buttons\Main.cpp(178,26): warning C4018: '<': signed/unsigned mismatch
C:\Users\reube\Documents\GitHub\Projects\WIP\C++\Buttons\Buttons\Main.cpp(183,26): warning C4018: '<': signed/unsigned mismatch
C:\Users\reube\Documents\GitHub\Projects\WIP\C++\Buttons\Buttons\Main.cpp(193,90): warning C4018: '<': signed/unsigned mismatch
C:\Users\reube\Documents\GitHub\Projects\WIP\C++\Buttons\Buttons\Main.cpp(193,115): warning C4018: '<': signed/unsigned mismatch
C:\Users\reube\Documents\GitHub\Projects\WIP\C++\Buttons\Buttons\Main.cpp(197,15): warning C4018: '<': signed/unsigned mismatch
C:\Users\reube\Documents\GitHub\Projects\WIP\C++\Buttons\Buttons\Main.cpp(198,20): warning C4018: '>': signed/unsigned mismatch
C:\Users\reube\Documents\GitHub\Projects\WIP\C++\Buttons\Buttons\Main.cpp(199,15): warning C4018: '<': signed/unsigned mismatch
C:\Users\reube\Documents\GitHub\Projects\WIP\C++\Buttons\Buttons\Main.cpp(200,20): warning C4018: '>': signed/unsigned mismatch
C:\Users\reube\Documents\GitHub\Projects\WIP\C++\Buttons\Buttons\Main.cpp(219,85): warning C4018: '>=': signed/unsigned mismatch
C:\Users\reube\Documents\GitHub\Projects\WIP\C++\Buttons\Buttons\Main.cpp(219,98): warning C4018: '<': signed/unsigned mismatch
C:\Users\reube\Documents\GitHub\Projects\WIP\C++\Buttons\Buttons\Main.cpp(219,110): warning C4018: '>=': signed/unsigned mismatch
C:\Users\reube\Documents\GitHub\Projects\WIP\C++\Buttons\Buttons\Main.cpp(219,123): warning C4018: '<': signed/unsigned mismatch
C:\Users\reube\Documents\GitHub\Projects\WIP\C++\Buttons\Buttons\Main.cpp(247,16): error C3861: 'to_string': identifier not found
C:\Users\reube\Documents\GitHub\Projects\WIP\C++\Buttons\Buttons\Main.cpp(248,16): error C3861: 'to_string': identifier not found
C:\Users\reube\Documents\GitHub\Projects\WIP\C++\Buttons\Buttons\Main.cpp(249,16): error C3861: 'to_string': identifier not found
