  Main.cpp
C:\Users\reube\Documents\GitHub\Projects\WIP\C++\Buttons\Buttons\Main.cpp(80,19): warning C4018: '<': signed/unsigned mismatch
C:\Users\reube\Documents\GitHub\Projects\WIP\C++\Buttons\Buttons\Main.cpp(81,23): warning C4018: '<': signed/unsigned mismatch
C:\Users\reube\Documents\GitHub\Projects\WIP\C++\Buttons\Buttons\Main.cpp(106,23): warning C4018: '<': signed/unsigned mismatch
C:\Users\reube\Documents\GitHub\Projects\WIP\C++\Buttons\Buttons\Main.cpp(108,27): warning C4018: '<': signed/unsigned mismatch
C:\Users\reube\Documents\GitHub\Projects\WIP\C++\Buttons\Buttons\Main.cpp(120,23): warning C4018: '<': signed/unsigned mismatch
C:\Users\reube\Documents\GitHub\Projects\WIP\C++\Buttons\Buttons\Main.cpp(122,27): warning C4018: '<': signed/unsigned mismatch
C:\Users\reube\Documents\GitHub\Projects\WIP\C++\Buttons\Buttons\Main.cpp(134,26): warning C4018: '<': signed/unsigned mismatch
C:\Users\reube\Documents\GitHub\Projects\WIP\C++\Buttons\Buttons\Main.cpp(136,30): warning C4018: '<': signed/unsigned mismatch
C:\Users\reube\Documents\GitHub\Projects\WIP\C++\Buttons\Buttons\Main.cpp(177,26): warning C4018: '<': signed/unsigned mismatch
C:\Users\reube\Documents\GitHub\Projects\WIP\C++\Buttons\Buttons\Main.cpp(182,26): warning C4018: '<': signed/unsigned mismatch
C:\Users\reube\Documents\GitHub\Projects\WIP\C++\Buttons\Buttons\Main.cpp(192,90): warning C4018: '<': signed/unsigned mismatch
C:\Users\reube\Documents\GitHub\Projects\WIP\C++\Buttons\Buttons\Main.cpp(192,115): warning C4018: '<': signed/unsigned mismatch
C:\Users\reube\Documents\GitHub\Projects\WIP\C++\Buttons\Buttons\Main.cpp(196,15): warning C4018: '<': signed/unsigned mismatch
C:\Users\reube\Documents\GitHub\Projects\WIP\C++\Buttons\Buttons\Main.cpp(197,20): warning C4018: '>': signed/unsigned mismatch
C:\Users\reube\Documents\GitHub\Projects\WIP\C++\Buttons\Buttons\Main.cpp(198,15): warning C4018: '<': signed/unsigned mismatch
C:\Users\reube\Documents\GitHub\Projects\WIP\C++\Buttons\Buttons\Main.cpp(199,20): warning C4018: '>': signed/unsigned mismatch
C:\Users\reube\Documents\GitHub\Projects\WIP\C++\Buttons\Buttons\Main.cpp(218,85): warning C4018: '>=': signed/unsigned mismatch
C:\Users\reube\Documents\GitHub\Projects\WIP\C++\Buttons\Buttons\Main.cpp(218,98): warning C4018: '<': signed/unsigned mismatch
C:\Users\reube\Documents\GitHub\Projects\WIP\C++\Buttons\Buttons\Main.cpp(218,110): warning C4018: '>=': signed/unsigned mismatch
C:\Users\reube\Documents\GitHub\Projects\WIP\C++\Buttons\Buttons\Main.cpp(218,123): warning C4018: '<': signed/unsigned mismatch
  Buttons.vcxproj -> C:\Users\reube\Documents\GitHub\Projects\WIP\C++\Buttons\x64\Debug\Buttons.exe
